{"name":"Test28: Verify Send Message Footer","status":"broken","statusDetails":{"known":false,"muted":false,"flaky":false,"message":"Index 1 out of bounds for length 1","trace":"java.lang.ArrayIndexOutOfBoundsException: Index 1 out of bounds for length 1\r\n\tat WorkFlows.webFlows.GetMatchUrl(webFlows.java:37)\r\n\tat Tests.regression.test28_VerifySendMessageFooter(regression.java:432)\r\n\tat java.base/jdk.internal.reflect.NativeMethodAccessorImpl.invoke0(Native Method)\r\n\tat java.base/jdk.internal.reflect.NativeMethodAccessorImpl.invoke(NativeMethodAccessorImpl.java:62)\r\n\tat java.base/jdk.internal.reflect.DelegatingMethodAccessorImpl.invoke(DelegatingMethodAccessorImpl.java:43)\r\n\tat java.base/java.lang.reflect.Method.invoke(Method.java:566)\r\n\tat org.testng.internal.MethodInvocationHelper.invokeMethod(MethodInvocationHelper.java:133)\r\n\tat org.testng.internal.TestInvoker.invokeMethod(TestInvoker.java:584)\r\n\tat org.testng.internal.TestInvoker.invokeTestMethod(TestInvoker.java:172)\r\n\tat org.testng.internal.MethodRunner.runInSequence(MethodRunner.java:46)\r\n\tat org.testng.internal.TestInvoker$MethodInvocationAgent.invoke(TestInvoker.java:804)\r\n\tat org.testng.internal.TestInvoker.invokeTestMethods(TestInvoker.java:145)\r\n\tat org.testng.internal.TestMethodWorker.invokeTestMethods(TestMethodWorker.java:146)\r\n\tat org.testng.internal.TestMethodWorker.run(TestMethodWorker.java:128)\r\n\tat java.base/java.util.ArrayList.forEach(ArrayList.java:1540)\r\n\tat org.testng.TestRunner.privateRun(TestRunner.java:770)\r\n\tat org.testng.TestRunner.run(TestRunner.java:591)\r\n\tat org.testng.SuiteRunner.runTest(SuiteRunner.java:402)\r\n\tat org.testng.SuiteRunner.runSequentially(SuiteRunner.java:396)\r\n\tat org.testng.SuiteRunner.privateRun(SuiteRunner.java:355)\r\n\tat org.testng.SuiteRunner.run(SuiteRunner.java:304)\r\n\tat org.testng.SuiteRunnerWorker.runSuite(SuiteRunnerWorker.java:53)\r\n\tat org.testng.SuiteRunnerWorker.run(SuiteRunnerWorker.java:96)\r\n\tat org.testng.TestNG.runSuitesSequentially(TestNG.java:1180)\r\n\tat org.testng.TestNG.runSuitesLocally(TestNG.java:1102)\r\n\tat org.testng.TestNG.runSuites(TestNG.java:1032)\r\n\tat org.testng.TestNG.run(TestNG.java:1000)\r\n\tat com.intellij.rt.testng.IDEARemoteTestNG.run(IDEARemoteTestNG.java:66)\r\n\tat com.intellij.rt.testng.RemoteTestNGStarter.main(RemoteTestNGStarter.java:110)\r\n"},"stage":"finished","description":"Test Description: Verify send message in footer is working","steps":[{"name":"Scroll To Element","status":"passed","stage":"finished","steps":[],"attachments":[],"parameters":[{"name":"elem","value":"[[ChromeDriver: chrome on WINDOWS (321d06f61757286efcf083761f31cfbe)] -> xpath: //section[contains(@class,'Portfolio')]/h2/span]"}],"start":1605415661613,"stop":1605415661641},{"name":"Send Text to Text-Field","status":"passed","stage":"finished","steps":[],"attachments":[],"parameters":[{"name":"elem","value":"[[ChromeDriver: chrome on WINDOWS (321d06f61757286efcf083761f31cfbe)] -> xpath: //input[contains(@class,'Footer__Input') and @name='name']]"},{"name":"value","value":"Eran"}],"start":1605415661761,"stop":1605415661929},{"name":"Send Text to Text-Field","status":"passed","stage":"finished","steps":[],"attachments":[],"parameters":[{"name":"elem","value":"[[ChromeDriver: chrome on WINDOWS (321d06f61757286efcf083761f31cfbe)] -> xpath: //input[contains(@class,'Footer__Input') and @name='email']]"},{"name":"value","value":"Eran123@gogol.com"}],"start":1605415661945,"stop":1605415662096},{"name":"Send Text to Text-Field","status":"passed","stage":"finished","steps":[],"attachments":[],"parameters":[{"name":"elem","value":"[[ChromeDriver: chrome on WINDOWS (321d06f61757286efcf083761f31cfbe)] -> xpath: //input[contains(@class,'Footer__Input') and @name='phone']]"},{"name":"value","value":"0521234567"}],"start":1605415662116,"stop":1605415662239},{"name":"Click on Element","status":"passed","stage":"finished","steps":[],"attachments":[],"parameters":[{"name":"elem","value":"[[ChromeDriver: chrome on WINDOWS (321d06f61757286efcf083761f31cfbe)] -> xpath: //button[contains(@class,'Footer__Button')]]"}],"start":1605415662253,"stop":1605415662366},{"name":"Get Get Url And Match","status":"broken","statusDetails":{"known":false,"muted":false,"flaky":false,"message":"Index 1 out of bounds for length 1","trace":"java.lang.ArrayIndexOutOfBoundsException: Index 1 out of bounds for length 1\r\n\tat WorkFlows.webFlows.GetMatchUrl(webFlows.java:37)\r\n\tat Tests.regression.test28_VerifySendMessageFooter(regression.java:432)\r\n\tat java.base/jdk.internal.reflect.NativeMethodAccessorImpl.invoke0(Native Method)\r\n\tat java.base/jdk.internal.reflect.NativeMethodAccessorImpl.invoke(NativeMethodAccessorImpl.java:62)\r\n\tat java.base/jdk.internal.reflect.DelegatingMethodAccessorImpl.invoke(DelegatingMethodAccessorImpl.java:43)\r\n\tat java.base/java.lang.reflect.Method.invoke(Method.java:566)\r\n\tat org.testng.internal.MethodInvocationHelper.invokeMethod(MethodInvocationHelper.java:133)\r\n\tat org.testng.internal.TestInvoker.invokeMethod(TestInvoker.java:584)\r\n\tat org.testng.internal.TestInvoker.invokeTestMethod(TestInvoker.java:172)\r\n\tat org.testng.internal.MethodRunner.runInSequence(MethodRunner.java:46)\r\n\tat org.testng.internal.TestInvoker$MethodInvocationAgent.invoke(TestInvoker.java:804)\r\n\tat org.testng.internal.TestInvoker.invokeTestMethods(TestInvoker.java:145)\r\n\tat org.testng.internal.TestMethodWorker.invokeTestMethods(TestMethodWorker.java:146)\r\n\tat org.testng.internal.TestMethodWorker.run(TestMethodWorker.java:128)\r\n\tat java.base/java.util.ArrayList.forEach(ArrayList.java:1540)\r\n\tat org.testng.TestRunner.privateRun(TestRunner.java:770)\r\n\tat org.testng.TestRunner.run(TestRunner.java:591)\r\n\tat org.testng.SuiteRunner.runTest(SuiteRunner.java:402)\r\n\tat org.testng.SuiteRunner.runSequentially(SuiteRunner.java:396)\r\n\tat org.testng.SuiteRunner.privateRun(SuiteRunner.java:355)\r\n\tat org.testng.SuiteRunner.run(SuiteRunner.java:304)\r\n\tat org.testng.SuiteRunnerWorker.runSuite(SuiteRunnerWorker.java:53)\r\n\tat org.testng.SuiteRunnerWorker.run(SuiteRunnerWorker.java:96)\r\n\tat org.testng.TestNG.runSuitesSequentially(TestNG.java:1180)\r\n\tat org.testng.TestNG.runSuitesLocally(TestNG.java:1102)\r\n\tat org.testng.TestNG.runSuites(TestNG.java:1032)\r\n\tat org.testng.TestNG.run(TestNG.java:1000)\r\n\tat com.intellij.rt.testng.IDEARemoteTestNG.run(IDEARemoteTestNG.java:66)\r\n\tat com.intellij.rt.testng.RemoteTestNGStarter.main(RemoteTestNGStarter.java:110)\r\n"},"stage":"finished","steps":[],"attachments":[],"parameters":[{"name":"link","value":"thank-you"}],"start":1605415662376,"stop":1605415662394}],"attachments":[{"name":"Page Screen-Shot","source":"6d1ba2f5-8b0d-44aa-910f-d1658f939beb-attachment","type":"image/png"}],"parameters":[],"start":1605415661534,"stop":1605415663167,"uuid":"a323dce6-85bf-4190-88a9-59e7e70c1776","historyId":"fea6ac7dea436476b416fcc3e4837dc1","fullName":"Tests.regression.test28_VerifySendMessageFooter","labels":[{"name":"package","value":"Tests.regression"},{"name":"testClass","value":"Tests.regression"},{"name":"testMethod","value":"test28_VerifySendMessageFooter"},{"name":"parentSuite","value":"Default Suite"},{"name":"suite","value":"Eran-Soker-13-11-2020"},{"name":"subSuite","value":"Tests.regression"},{"name":"host","value":"dp-erans-pc01"},{"name":"thread","value":"10460@dp-erans-pc01.main(1)"},{"name":"framework","value":"testng"},{"name":"language","value":"java"},{"name":"story","value":"Test Home Page"},{"name":"severity","value":"critical"}],"links":[]}